Starting audit...
[ERROR] C:\Users\DELL\Desktop\ADS-1\ADS Assignments\m18\Week-3_Assignment-1\Solution.java:2: Missing a Javadoc comment. [JavadocType]
[ERROR] C:\Users\DELL\Desktop\ADS-1\ADS Assignments\m18\Week-3_Assignment-1\Solution.java:3:5: Missing a Javadoc comment. [JavadocVariable]
[ERROR] C:\Users\DELL\Desktop\ADS-1\ADS Assignments\m18\Week-3_Assignment-1\Solution.java:4:5: Missing a Javadoc comment. [JavadocVariable]
[ERROR] C:\Users\DELL\Desktop\ADS-1\ADS Assignments\m18\Week-3_Assignment-1\Solution.java:5:5: Missing a Javadoc comment. [JavadocVariable]
[ERROR] C:\Users\DELL\Desktop\ADS-1\ADS Assignments\m18\Week-3_Assignment-1\Solution.java:6:5: Missing a Javadoc comment. [JavadocMethod]
[ERROR] C:\Users\DELL\Desktop\ADS-1\ADS Assignments\m18\Week-3_Assignment-1\Solution.java:9:5: Missing a Javadoc comment. [JavadocMethod]
[ERROR] C:\Users\DELL\Desktop\ADS-1\ADS Assignments\m18\Week-3_Assignment-1\Solution.java:12:5: Missing a Javadoc comment. [JavadocMethod]
[ERROR] C:\Users\DELL\Desktop\ADS-1\ADS Assignments\m18\Week-3_Assignment-1\Solution.java:15:5: Missing a Javadoc comment. [JavadocMethod]
[ERROR] C:\Users\DELL\Desktop\ADS-1\ADS Assignments\m18\Week-3_Assignment-1\Solution.java:20:6: Missing a Javadoc comment. [JavadocMethod]
[ERROR] C:\Users\DELL\Desktop\ADS-1\ADS Assignments\m18\Week-3_Assignment-1\Solution.java:29:5: Missing a Javadoc comment. [JavadocMethod]
[ERROR] C:\Users\DELL\Desktop\ADS-1\ADS Assignments\m18\Week-3_Assignment-1\Solution.java:35: Missing a Javadoc comment. [JavadocType]
[ERROR] C:\Users\DELL\Desktop\ADS-1\ADS Assignments\m18\Week-3_Assignment-1\Solution.java:36:5: Missing a Javadoc comment. [JavadocMethod]
[ERROR] C:\Users\DELL\Desktop\ADS-1\ADS Assignments\m18\Week-3_Assignment-1\Solution.java:39:5: Missing a Javadoc comment. [JavadocMethod]
[ERROR] C:\Users\DELL\Desktop\ADS-1\ADS Assignments\m18\Week-3_Assignment-1\Solution.java:39:29: Parameter args should be final. [FinalParameters]
[ERROR] C:\Users\DELL\Desktop\ADS-1\ADS Assignments\m18\Week-3_Assignment-1\Solution.java:75: Line has trailing spaces. [RegexpSingleline]
Audit done.
Checkstyle ends with 15 errors.
